<?xml version="1.0" encoding="UTF-8"?>
<!-- Generated by org.testng.reporters.JUnitReportReporter -->
<testsuite hostname="OABLN2392" name="com.hellofresh.Apitestscripts.GroupktServices" tests="6" failures="0" timestamp="17 Jun 2018 21:56:13 GMT" time="3.381" errors="0">
  <testcase name="getAPIForUS" time="0.002" classname="com.hellofresh.Apitestscripts.GroupktServices"/>
  <testcase name="getAPIForUS_DE_GB" time="0.653" classname="com.hellofresh.Apitestscripts.GroupktServices"/>
  <testcase name="getAPIForUS_DE_GB" time="0.514" classname="com.hellofresh.Apitestscripts.GroupktServices"/>
  <testcase name="getAPIForInexistantCountr" time="0.001" classname="com.hellofresh.Apitestscripts.GroupktServices"/>
  <testcase name="getAPIForAllCountries" time="1.496" classname="com.hellofresh.Apitestscripts.GroupktServices"/>
  <testcase name="getAPIForUS_DE_GB" time="0.715" classname="com.hellofresh.Apitestscripts.GroupktServices"/>
</testsuite> <!-- com.hellofresh.Apitestscripts.GroupktServices -->
